<?xml version="1.0" encoding="UTF-8"?>
<testsuite xmlns:xsi="http://www.w3.org/2001/XMLSchema-instance" xsi:noNamespaceSchemaLocation="https://maven.apache.org/surefire/maven-surefire-plugin/xsd/surefire-test-report-3.0.xsd" version="3.0" name="UserServiceTest" time="1.216" tests="6" errors="0" skipped="0" failures="0">
  <properties>
[...]
</properties>
  <testcase name="saveUser" classname="UserServiceTest" time="1.054">
    <system-out><![CDATA[Hibernate: DROP TABLE users

Hibernate: CREATE TABLE users (
    id INT PRIMARY KEY AUTO_INCREMENT,
    first_name VARCHAR(50) NOT NULL,
    last_name VARCHAR(50) NOT NULL,
    age INT NOT NULL
    CHECK (age > 0 AND age < 100)
);

Hibernate: insert into users (age, last_name, first_name) values (?, ?, ?)
Hibernate: select user0_.id as id1_0_, user0_.age as age2_0_, user0_.last_name as last_nam3_0_, user0_.first_name as first_na4_0_ from users user0_
]]></system-out>
    <system-err><![CDATA[дек. 09, 2024 8:03:39 PM org.hibernate.Version logVersion
INFO: HHH000412: Hibernate ORM core version 5.6.3.Final
дек. 09, 2024 8:03:39 PM org.hibernate.cfg.Environment <clinit>
INFO: HHH000205: Loaded properties from resource hibernate.properties: {hibernate.dialect=org.hibernate.dialect.MySQL8Dialect, hibernate.driver_class=com.mysql.jdbc.Driver, hibernate.connection.password=****, hibernate.connection.username=root, hibernate.connection.url=jdbc:mysql://localhost:3306/user_repository, hibernate.bytecode.use_reflection_optimizer=false, hibernate.show_sql=true, hibernate.current_session_context_class=thread}
дек. 09, 2024 8:03:39 PM org.hibernate.annotations.common.reflection.java.JavaReflectionManager <clinit>
INFO: HCANN000001: Hibernate Commons Annotations {5.1.2.Final}
дек. 09, 2024 8:03:39 PM org.hibernate.engine.jdbc.connections.internal.DriverManagerConnectionProviderImpl configure
WARN: HHH10001002: Using Hibernate built-in connection pool (not for production use!)
дек. 09, 2024 8:03:39 PM org.hibernate.engine.jdbc.connections.internal.DriverManagerConnectionProviderImpl buildCreator
INFO: HHH10001005: using driver [null] at URL [jdbc:mysql://localhost:3306/user_repository]
дек. 09, 2024 8:03:39 PM org.hibernate.engine.jdbc.connections.internal.DriverManagerConnectionProviderImpl buildCreator
INFO: HHH10001001: Connection properties: {password=****, user=root}
дек. 09, 2024 8:03:39 PM org.hibernate.engine.jdbc.connections.internal.DriverManagerConnectionProviderImpl buildCreator
INFO: HHH10001003: Autocommit mode: false
дек. 09, 2024 8:03:39 PM org.hibernate.engine.jdbc.connections.internal.DriverManagerConnectionProviderImpl$PooledConnections <init>
INFO: HHH000115: Hibernate connection pool size: 20 (min=1)
дек. 09, 2024 8:03:40 PM org.hibernate.dialect.Dialect <init>
INFO: HHH000400: Using dialect: org.hibernate.dialect.MySQL8Dialect
]]></system-err>
  </testcase>
  <testcase name="removeUserById" classname="UserServiceTest" time="0.029">
    <system-out><![CDATA[Hibernate: DROP TABLE users

Hibernate: CREATE TABLE users (
    id INT PRIMARY KEY AUTO_INCREMENT,
    first_name VARCHAR(50) NOT NULL,
    last_name VARCHAR(50) NOT NULL,
    age INT NOT NULL
    CHECK (age > 0 AND age < 100)
);

Hibernate: insert into users (age, last_name, first_name) values (?, ?, ?)
Hibernate: select user0_.id as id1_0_0_, user0_.age as age2_0_0_, user0_.last_name as last_nam3_0_0_, user0_.first_name as first_na4_0_0_ from users user0_ where user0_.id=?
Hibernate: delete from users where id=?
]]></system-out>
  </testcase>
  <testcase name="getAllUsers" classname="UserServiceTest" time="0.023">
    <system-out><![CDATA[Hibernate: DROP TABLE users

Hibernate: CREATE TABLE users (
    id INT PRIMARY KEY AUTO_INCREMENT,
    first_name VARCHAR(50) NOT NULL,
    last_name VARCHAR(50) NOT NULL,
    age INT NOT NULL
    CHECK (age > 0 AND age < 100)
);

Hibernate: insert into users (age, last_name, first_name) values (?, ?, ?)
Hibernate: select user0_.id as id1_0_, user0_.age as age2_0_, user0_.last_name as last_nam3_0_, user0_.first_name as first_na4_0_ from users user0_
]]></system-out>
  </testcase>
  <testcase name="dropUsersTable" classname="UserServiceTest" time="0.043">
    <system-out><![CDATA[Hibernate: DROP TABLE users

Hibernate: DROP TABLE users

]]></system-out>
    <system-err><![CDATA[дек. 09, 2024 8:03:40 PM org.hibernate.engine.jdbc.spi.SqlExceptionHelper logExceptions
WARN: SQL Error: 1051, SQLState: 42S02
дек. 09, 2024 8:03:40 PM org.hibernate.engine.jdbc.spi.SqlExceptionHelper logExceptions
ERROR: Unknown table 'user_repository.users'
]]></system-err>
  </testcase>
  <testcase name="createUsersTable" classname="UserServiceTest" time="0.012">
    <system-out><![CDATA[Hibernate: DROP TABLE users

Hibernate: CREATE TABLE users (
    id INT PRIMARY KEY AUTO_INCREMENT,
    first_name VARCHAR(50) NOT NULL,
    last_name VARCHAR(50) NOT NULL,
    age INT NOT NULL
    CHECK (age > 0 AND age < 100)
);

]]></system-out>
    <system-err><![CDATA[дек. 09, 2024 8:03:40 PM org.hibernate.engine.jdbc.spi.SqlExceptionHelper logExceptions
WARN: SQL Error: 1051, SQLState: 42S02
дек. 09, 2024 8:03:40 PM org.hibernate.engine.jdbc.spi.SqlExceptionHelper logExceptions
ERROR: Unknown table 'user_repository.users'
]]></system-err>
  </testcase>
  <testcase name="cleanUsersTable" classname="UserServiceTest" time="0.022">
    <system-out><![CDATA[Hibernate: DROP TABLE users

Hibernate: CREATE TABLE users (
    id INT PRIMARY KEY AUTO_INCREMENT,
    first_name VARCHAR(50) NOT NULL,
    last_name VARCHAR(50) NOT NULL,
    age INT NOT NULL
    CHECK (age > 0 AND age < 100)
);

Hibernate: insert into users (age, last_name, first_name) values (?, ?, ?)
Hibernate: DELETE FROM users

Hibernate: select user0_.id as id1_0_, user0_.age as age2_0_, user0_.last_name as last_nam3_0_, user0_.first_name as first_na4_0_ from users user0_
]]></system-out>
  </testcase>
</testsuite>